{
  "RSpec": {
    "coverage": {
      "/Users/patriciapaulo/projects/RoR_BookShelf/app/models/user.rb": {
        "lines": [
          1,
          null,
          null,
          1,
          null,
          null,
          1,
          null,
          1,
          null,
          1,
          0,
          null,
          null
        ]
      },
      "/Users/patriciapaulo/projects/RoR_BookShelf/app/models/application_record.rb": {
        "lines": [
          1,
          1,
          null
        ]
      },
      "/Users/patriciapaulo/projects/RoR_BookShelf/app/helpers/application_helper.rb": {
        "lines": [
          1,
          1,
          22,
          null,
          null
        ]
      },
      "/Users/patriciapaulo/projects/RoR_BookShelf/app/models/book.rb": {
        "lines": [
          1,
          1,
          null,
          null,
          null,
          null,
          null,
          null,
          null,
          null,
          null,
          null,
          null,
          null,
          1,
          1,
          null,
          1,
          null,
          1,
          null,
          1,
          0,
          null,
          null,
          1,
          0,
          null,
          null,
          null
        ]
      },
      "/Users/patriciapaulo/projects/RoR_BookShelf/app/models/reservation.rb": {
        "lines": [
          1,
          1,
          1,
          null,
          2,
          1,
          null
        ]
      },
      "/Users/patriciapaulo/projects/RoR_BookShelf/app/models/shelf.rb": {
        "lines": [
          1,
          1,
          null
        ]
      },
      "/Users/patriciapaulo/projects/RoR_BookShelf/app/services/books/create_book.rb": {
        "lines": [
          1,
          1,
          1,
          null,
          1,
          6,
          6,
          null,
          null,
          1,
          null,
          6,
          3,
          null,
          3,
          null,
          null,
          null
        ]
      },
      "/Users/patriciapaulo/projects/RoR_BookShelf/app/controllers/books_controller.rb": {
        "lines": [
          1,
          1,
          null,
          1,
          1,
          null,
          null,
          1,
          null,
          1,
          null,
          1,
          0,
          null,
          null,
          1,
          2,
          null,
          2,
          1,
          null,
          1,
          1,
          null,
          null,
          null,
          1,
          2,
          null,
          2,
          1,
          null,
          1,
          1,
          null,
          null,
          null,
          1,
          null,
          1,
          4,
          null,
          null,
          1,
          3,
          null,
          null
        ]
      },
      "/Users/patriciapaulo/projects/RoR_BookShelf/app/controllers/application_controller.rb": {
        "lines": [
          1,
          1,
          null,
          1,
          1,
          null,
          1,
          null,
          1,
          0,
          null,
          0,
          null,
          null
        ]
      },
      "/Users/patriciapaulo/projects/RoR_BookShelf/app/services/books/edit_book.rb": {
        "lines": [
          1,
          1,
          1,
          null,
          1,
          2,
          2,
          null,
          null,
          1,
          2,
          1,
          null,
          1,
          null,
          null,
          null
        ]
      },
      "/Users/patriciapaulo/projects/RoR_BookShelf/app/channels/application_cable/channel.rb": {
        "lines": [
          0,
          0,
          0,
          0
        ],
        "branches": {
        }
      },
      "/Users/patriciapaulo/projects/RoR_BookShelf/app/channels/application_cable/connection.rb": {
        "lines": [
          0,
          0,
          0,
          0
        ],
        "branches": {
        }
      },
      "/Users/patriciapaulo/projects/RoR_BookShelf/app/jobs/application_job.rb": {
        "lines": [
          0,
          null,
          null,
          null,
          null,
          null,
          0
        ],
        "branches": {
        }
      },
      "/Users/patriciapaulo/projects/RoR_BookShelf/app/mailers/application_mailer.rb": {
        "lines": [
          0,
          0,
          0,
          0
        ],
        "branches": {
        }
      }
    },
    "timestamp": 1710179399
  }
}
